0 info it worked if it ends with ok
1 verbose cli [ '/usr/local/bin/node', '/usr/local/bin/npm', 'install' ]
2 info using npm@1.1.69
3 info using node@v0.8.16
4 verbose read json /home/lisa/project/chat2/package.json
5 warn package.json realtime-server@0.0.1 No README.md file found!
6 verbose readDependencies using package.json deps
7 verbose install where, deps [ '/home/lisa/project/chat2', [ 'express', 'socket.io' ] ]
8 verbose from cache /home/lisa/project/chat2/package.json
9 info preinstall realtime-server@0.0.1
10 verbose read json /home/lisa/project/chat2/node_modules/socket.io/package.json
11 verbose read json /home/lisa/project/chat2/node_modules/express/package.json
12 verbose from cache /home/lisa/project/chat2/package.json
13 verbose readDependencies using package.json deps
14 verbose from cache /home/lisa/project/chat2/node_modules/socket.io/package.json
15 verbose from cache /home/lisa/project/chat2/node_modules/express/package.json
16 verbose cache add [ 'express@^4.13.3', null ]
17 silly cache add name=undefined spec="express@^4.13.3" args=["express@^4.13.3",null]
18 verbose parsed url { pathname: 'express@^4.13.3',
18 verbose parsed url   path: 'express@^4.13.3',
18 verbose parsed url   href: 'express@^4.13.3' }
19 silly cache add name="express" spec="^4.13.3" args=["express","^4.13.3"]
20 verbose parsed url { pathname: '^4.13.3', path: '^4.13.3', href: '^4.13.3' }
21 verbose addNamed [ 'express', '^4.13.3' ]
22 verbose addNamed [ null, null ]
23 verbose cache add [ 'socket.io@^1.3.7', null ]
24 silly cache add name=undefined spec="socket.io@^1.3.7" args=["socket.io@^1.3.7",null]
25 verbose parsed url { pathname: 'socket.io@^1.3.7',
25 verbose parsed url   path: 'socket.io@^1.3.7',
25 verbose parsed url   href: 'socket.io@^1.3.7' }
26 silly cache add name="socket.io" spec="^1.3.7" args=["socket.io","^1.3.7"]
27 verbose parsed url { pathname: '^1.3.7', path: '^1.3.7', href: '^1.3.7' }
28 verbose addNamed [ 'socket.io', '^1.3.7' ]
29 verbose addNamed [ null, null ]
30 silly lockFile 9c28b82e-express-4-13-3 express@^4.13.3
31 verbose lock express@^4.13.3 /home/lisa/.npm/9c28b82e-express-4-13-3.lock
32 silly lockFile e4778f57-socket-io-1-3-7 socket.io@^1.3.7
33 verbose lock socket.io@^1.3.7 /home/lisa/.npm/e4778f57-socket-io-1-3-7.lock
34 silly lockFile 9c28b82e-express-4-13-3 express@^4.13.3
35 silly lockFile e4778f57-socket-io-1-3-7 socket.io@^1.3.7
36 error Error: EACCES, open '/home/lisa/.npm/9c28b82e-express-4-13-3.lock'
36 error  { [Error: EACCES, open '/home/lisa/.npm/9c28b82e-express-4-13-3.lock']
36 error   errno: 3,
36 error   code: 'EACCES',
36 error   path: '/home/lisa/.npm/9c28b82e-express-4-13-3.lock' }
37 error Please try running this command again as root/Administrator.
38 error System Linux 3.19.0-69-generic
39 error command "/usr/local/bin/node" "/usr/local/bin/npm" "install"
40 error cwd /home/lisa/project/chat2
41 error node -v v0.8.16
42 error npm -v 1.1.69
43 error path /home/lisa/.npm/9c28b82e-express-4-13-3.lock
44 error code EACCES
45 error errno 3
46 error stack Error: EACCES, open '/home/lisa/.npm/9c28b82e-express-4-13-3.lock'
47 verbose exit [ 3, true ]
